{
  "stats": {
    "suites": 1,
    "tests": 1,
    "passes": 1,
    "pending": 0,
    "failures": 0,
    "start": "2021-07-02T07:59:45.855Z",
    "end": "2021-07-02T07:59:54.659Z",
    "duration": 8804,
    "testsRegistered": 1,
    "passPercent": 100,
    "pendingPercent": 0,
    "other": 0,
    "hasOther": false,
    "skipped": 0,
    "hasSkipped": false
  },
  "results": [
    {
      "uuid": "e783de14-4f99-405c-95c1-1997cb399fc2",
      "title": "",
      "fullFile": "cypress/testCase/E2ETest/apartmentPage.spec.js",
      "file": "cypress/testCase/E2ETest/apartmentPage.spec.js",
      "beforeHooks": [],
      "afterHooks": [],
      "tests": [],
      "suites": [
        {
          "uuid": "6914edf2-e126-4d59-aefd-47bc37b8ee6b",
          "title": "resident module",
          "fullFile": "",
          "file": "",
          "beforeHooks": [],
          "afterHooks": [],
          "tests": [
            {
              "title": "resident list page",
              "fullTitle": "resident module resident list page",
              "timedOut": null,
              "duration": 8364,
              "state": "passed",
              "speed": "slow",
              "pass": true,
              "fail": false,
              "pending": false,
              "context": null,
              "code": "cy.visit('/apartment');\ncy.get(apartmentPage.listTitleText).should('contain', '公寓列表');",
              "err": {},
              "uuid": "fc5c5af8-6771-496c-8c5b-f9cf9cdf6c8f",
              "parentUUID": "6914edf2-e126-4d59-aefd-47bc37b8ee6b",
              "isHook": false,
              "skipped": false
            }
          ],
          "suites": [],
          "passes": [
            "fc5c5af8-6771-496c-8c5b-f9cf9cdf6c8f"
          ],
          "failures": [],
          "pending": [],
          "skipped": [],
          "duration": 8364,
          "root": false,
          "rootEmpty": false,
          "_timeout": 2000
        }
      ],
      "passes": [],
      "failures": [],
      "pending": [],
      "skipped": [],
      "duration": 0,
      "root": true,
      "rootEmpty": true,
      "_timeout": 2000
    }
  ],
  "meta": {
    "mocha": {
      "version": "7.0.1"
    },
    "mochawesome": {
      "options": {
        "quiet": false,
        "reportFilename": "mochawesome",
        "saveHtml": false,
        "saveJson": true,
        "consoleReporter": "spec",
        "useInlineDiffs": false,
        "code": true
      },
      "version": "6.2.2"
    },
    "marge": {
      "options": {
        "id": "default",
        "reportDir": "cypress/results/json",
        "overwrite": false,
        "html": false,
        "json": true
      },
      "version": "5.2.0"
    }
  }
}