{
  "stats": {
    "suites": 1,
    "tests": 3,
    "passes": 3,
    "pending": 0,
    "failures": 0,
    "start": "2021-07-02T07:56:17.788Z",
    "end": "2021-07-02T07:56:18.592Z",
    "duration": 804,
    "testsRegistered": 3,
    "passPercent": 100,
    "pendingPercent": 0,
    "other": 0,
    "hasOther": false,
    "skipped": 0,
    "hasSkipped": false
  },
  "results": [
    {
      "uuid": "cc7f94ea-ba52-4002-9c12-f17e24d1ec31",
      "title": "",
      "fullFile": "cypress/testCase/APITest/companyAPI.spec.js",
      "file": "cypress/testCase/APITest/companyAPI.spec.js",
      "beforeHooks": [],
      "afterHooks": [],
      "tests": [],
      "suites": [
        {
          "uuid": "528e11ac-c19c-4ee5-a9bb-36a22bf2a20e",
          "title": "office-tenants",
          "fullFile": "",
          "file": "",
          "beforeHooks": [],
          "afterHooks": [],
          "tests": [
            {
              "title": "office-tenants list",
              "fullTitle": "office-tenants office-tenants list",
              "timedOut": null,
              "duration": 586,
              "state": "passed",
              "speed": "slow",
              "pass": true,
              "fail": false,
              "pending": false,
              "context": null,
              "code": "cy.request({\n  url: '/api/travel/v1/admin/office-tenants',\n  qs: {\n    page: 0,\n    size: 10,\n    travelPermit: true\n  },\n  auth: {\n    bearer: TOKEN\n  }\n}).should(response => {\n  expect(response.status).to.eq(200);\n  expect(response.body.content[0]).to.have.property('id');\n  Cypress._.each(response.body.content, Content => {\n    expect(Content.companyName).to.not.be.null;\n    expect(Content).include.keys('id', 'companyName', 'authorizers', 'positions');\n  });\n  officeId = response.body.content[0].id;\n});",
              "err": {},
              "uuid": "362a4776-6621-4418-b91c-477245c198f4",
              "parentUUID": "528e11ac-c19c-4ee5-a9bb-36a22bf2a20e",
              "isHook": false,
              "skipped": false
            },
            {
              "title": "create office-tenant",
              "fullTitle": "office-tenants create office-tenant",
              "timedOut": null,
              "duration": 111,
              "state": "passed",
              "speed": "slow",
              "pass": true,
              "fail": false,
              "pending": false,
              "context": null,
              "code": "cy.request({\n  url: '/api/travel/v1/admin/office-tenants',\n  method: 'POST',\n  auth: {\n    bearer: TOKEN\n  },\n  body: _officeData.default\n}).should(rs => {\n  expect(rs.status).to.eq(200);\n});",
              "err": {},
              "uuid": "e870afcd-f2b2-45c5-bc65-f7407e71db89",
              "parentUUID": "528e11ac-c19c-4ee5-a9bb-36a22bf2a20e",
              "isHook": false,
              "skipped": false
            },
            {
              "title": "office-tenant details",
              "fullTitle": "office-tenants office-tenant details",
              "timedOut": null,
              "duration": 80,
              "state": "passed",
              "speed": "slow",
              "pass": true,
              "fail": false,
              "pending": false,
              "context": null,
              "code": "cy.request({\n  url: `/api/travel/v1/admin/office-tenants/${officeId}`,\n  auth: {\n    bearer: TOKEN\n  }\n}).should(res => {\n  expect(res.status).to.eq(200);\n  expect(res.body.id).to.eq(`${officeId}`);\n});",
              "err": {},
              "uuid": "1e142733-648a-47dd-b3e8-d56fde2e80f0",
              "parentUUID": "528e11ac-c19c-4ee5-a9bb-36a22bf2a20e",
              "isHook": false,
              "skipped": false
            }
          ],
          "suites": [],
          "passes": [
            "362a4776-6621-4418-b91c-477245c198f4",
            "e870afcd-f2b2-45c5-bc65-f7407e71db89",
            "1e142733-648a-47dd-b3e8-d56fde2e80f0"
          ],
          "failures": [],
          "pending": [],
          "skipped": [],
          "duration": 777,
          "root": false,
          "rootEmpty": false,
          "_timeout": 2000
        }
      ],
      "passes": [],
      "failures": [],
      "pending": [],
      "skipped": [],
      "duration": 0,
      "root": true,
      "rootEmpty": true,
      "_timeout": 2000
    }
  ],
  "meta": {
    "mocha": {
      "version": "7.0.1"
    },
    "mochawesome": {
      "options": {
        "quiet": false,
        "reportFilename": "mochawesome",
        "saveHtml": false,
        "saveJson": true,
        "consoleReporter": "spec",
        "useInlineDiffs": false,
        "code": true
      },
      "version": "6.2.2"
    },
    "marge": {
      "options": {
        "id": "default",
        "reportDir": "cypress/results/json",
        "overwrite": false,
        "html": false,
        "json": true
      },
      "version": "5.2.0"
    }
  }
}