{
  "stats": {
    "suites": 1,
    "tests": 2,
    "passes": 2,
    "pending": 0,
    "failures": 0,
    "start": "2021-07-02T08:00:21.428Z",
    "end": "2021-07-02T08:00:24.975Z",
    "duration": 3547,
    "testsRegistered": 2,
    "passPercent": 100,
    "pendingPercent": 0,
    "other": 0,
    "hasOther": false,
    "skipped": 0,
    "hasSkipped": false
  },
  "results": [
    {
      "uuid": "a79d0372-92e6-41db-b25c-b54f57de1d62",
      "title": "",
      "fullFile": "cypress/testCase/E2ETest/loginEnv.spec.js",
      "file": "cypress/testCase/E2ETest/loginEnv.spec.js",
      "beforeHooks": [],
      "afterHooks": [],
      "tests": [],
      "suites": [
        {
          "uuid": "dd8cf2c2-be8d-4475-b8de-bcab702910f3",
          "title": "Different environment uses different userName",
          "fullFile": "",
          "file": "",
          "beforeHooks": [],
          "afterHooks": [],
          "tests": [
            {
              "title": " Admin login ",
              "fullTitle": "Different environment uses different userName  Admin login ",
              "timedOut": null,
              "duration": 3235,
              "state": "passed",
              "speed": "slow",
              "pass": true,
              "fail": false,
              "pending": false,
              "context": null,
              "code": "cy.visit('/');\nconst {\n  userName,\n  passWord,\n  Submit\n} = loginPage;\ncy.get(userName).type(admin.username);\ncy.get(passWord).type(admin.password);\ncy.get(Submit).click();\ncy.url().should('include', '/office-tenant');",
              "err": {},
              "uuid": "0863b88d-2d92-4aba-831c-9d219b9d0d35",
              "parentUUID": "dd8cf2c2-be8d-4475-b8de-bcab702910f3",
              "isHook": false,
              "skipped": false
            },
            {
              "title": "Super admin has all permission",
              "fullTitle": "Different environment uses different userName Super admin has all permission",
              "timedOut": null,
              "duration": 201,
              "state": "passed",
              "speed": "slow",
              "pass": true,
              "fail": false,
              "pending": false,
              "context": null,
              "code": "cy.contains('权限管理').should('be.visible');",
              "err": {},
              "uuid": "d57cd971-c417-49e3-b09c-b1f8931d2490",
              "parentUUID": "dd8cf2c2-be8d-4475-b8de-bcab702910f3",
              "isHook": false,
              "skipped": false
            }
          ],
          "suites": [],
          "passes": [
            "0863b88d-2d92-4aba-831c-9d219b9d0d35",
            "d57cd971-c417-49e3-b09c-b1f8931d2490"
          ],
          "failures": [],
          "pending": [],
          "skipped": [],
          "duration": 3436,
          "root": false,
          "rootEmpty": false,
          "_timeout": 2000
        }
      ],
      "passes": [],
      "failures": [],
      "pending": [],
      "skipped": [],
      "duration": 0,
      "root": true,
      "rootEmpty": true,
      "_timeout": 2000
    }
  ],
  "meta": {
    "mocha": {
      "version": "7.0.1"
    },
    "mochawesome": {
      "options": {
        "quiet": false,
        "reportFilename": "mochawesome",
        "saveHtml": false,
        "saveJson": true,
        "consoleReporter": "spec",
        "useInlineDiffs": false,
        "code": true
      },
      "version": "6.2.2"
    },
    "marge": {
      "options": {
        "id": "default",
        "reportDir": "cypress/results/json",
        "overwrite": false,
        "html": false,
        "json": true
      },
      "version": "5.2.0"
    }
  }
}